* e2b9ab3 Progra
*   4643d87 Merge branch 'Sistemas_Operativos'
|\  
| * 5b47d9e Sistemas Operativos
* |   57e7f94 Merge branch 'lenguajes_interpretados'
|\ \  
| * | c2371a3 Lenjuages Interpretados
| |/  
* |   979f44a Merge branch 'feature-xyz' into main
|\ \  
| * | ce08f25 Proyecto de app
| |/  
* |   fe8ae5b Merge branch 'Principios_de_Composicion'
|\ \  
| * | f69476f Composicion y Diseño
| |/  
* |   a27a1be Fusionando Ingles a Main
|\ \  
| * | 9ecd7dd Ingles
| |/  
* | a49b514 Fusionando Ingles a main
* |   9102097 Fusionando Diseño_de_Videojuegos a main
|\ \  
| * | ceee37a Diseño de Videojuegos
| |/  
* | ecdf8e7 Agregando log de fusiones de ramas
* | f1db4f3 Terminando Practica Ramas y Fusiones
|/  
* b219c0f Primer commit: iniciando repositorio
